  main.cpp
main.obj : error LNK2019: unresolved external symbol "void __cdecl cv::error(int,class std::basic_string<char,struct std::char_traits<char>,class std::allocator<char> > const &,char const *,char const *,int)" (?error@cv@@YAXHABV?$basic_string@DU?$char_traits@D@std@@V?$allocator@D@2@@std@@PBD1H@Z) referenced in function "public: __thiscall cv::Mat::Mat<double,void>(class std::initializer_list<double>)" (??$?0NX@Mat@cv@@QAE@V?$initializer_list@N@std@@@Z)
main.obj : error LNK2019: unresolved external symbol "public: class cv::Mat __thiscall cv::debug_build_guard::_InputArray::getMat_(int)const " (?getMat_@_InputArray@debug_build_guard@cv@@QBE?AVMat@3@H@Z) referenced in function "public: class cv::Mat __thiscall cv::debug_build_guard::_InputArray::getMat(int)const " (?getMat@_InputArray@debug_build_guard@cv@@QBE?AVMat@3@H@Z)
main.obj : error LNK2019: unresolved external symbol "public: enum cv::debug_build_guard::_InputArray::KindFlag __thiscall cv::debug_build_guard::_InputArray::kind(void)const " (?kind@_InputArray@debug_build_guard@cv@@QBE?AW4KindFlag@123@XZ) referenced in function "public: class cv::Mat __thiscall cv::debug_build_guard::_InputArray::getMat(int)const " (?getMat@_InputArray@debug_build_guard@cv@@QBE?AVMat@3@H@Z)
main.obj : error LNK2019: unresolved external symbol "public: __thiscall cv::Mat::Mat(void)" (??0Mat@cv@@QAE@XZ) referenced in function "public: __thiscall cv::Mat::Mat<double,void>(class std::initializer_list<double>)" (??$?0NX@Mat@cv@@QAE@V?$initializer_list@N@std@@@Z)
main.obj : error LNK2019: unresolved external symbol "public: __thiscall cv::Mat::Mat(int,int,int)" (??0Mat@cv@@QAE@HHH@Z) referenced in function "public: __thiscall cv::Mat_<double>::Mat_<double>(int,int)" (??0?$Mat_@N@cv@@QAE@HH@Z)
main.obj : error LNK2019: unresolved external symbol "public: __thiscall cv::Mat::Mat(int,int,int,class cv::Scalar_<double> const &)" (??0Mat@cv@@QAE@HHHABV?$Scalar_@N@1@@Z) referenced in function _main
main.obj : error LNK2019: unresolved external symbol "public: __thiscall cv::Mat::Mat(int,int const *,int,class cv::Scalar_<double> const &)" (??0Mat@cv@@QAE@HPBHHABV?$Scalar_@N@1@@Z) referenced in function _main
main.obj : error LNK2019: unresolved external symbol "public: __thiscall cv::Mat::Mat(class cv::Mat const &)" (??0Mat@cv@@QAE@ABV01@@Z) referenced in function "public: class cv::Mat __thiscall cv::debug_build_guard::_InputArray::getMat(int)const " (?getMat@_InputArray@debug_build_guard@cv@@QBE?AVMat@3@H@Z)
main.obj : error LNK2019: unresolved external symbol "public: __thiscall cv::Mat::Mat(int,int,int,void *,unsigned int)" (??0Mat@cv@@QAE@HHHPAXI@Z) referenced in function "public: __thiscall cv::Mat::Mat<float>(class std::vector<float,class std::allocator<float> > const &,bool)" (??$?0M@Mat@cv@@QAE@ABV?$vector@MV?$allocator@M@std@@@std@@_N@Z)
main.obj : error LNK2019: unresolved external symbol "public: __thiscall cv::Mat::Mat(class cv::Mat const &,class cv::Range const &,class cv::Range const &)" (??0Mat@cv@@QAE@ABV01@ABVRange@1@1@Z) referenced in function "public: class cv::Mat __thiscall cv::Mat::row(int)const " (?row@Mat@cv@@QBE?AV12@H@Z)
main.obj : error LNK2019: unresolved external symbol "public: __thiscall cv::Mat::~Mat(void)" (??1Mat@cv@@QAE@XZ) referenced in function "public: __thiscall cv::Mat::Mat<float>(class std::vector<float,class std::allocator<float> > const &,bool)" (??$?0M@Mat@cv@@QAE@ABV?$vector@MV?$allocator@M@std@@@std@@_N@Z)
main.obj : error LNK2019: unresolved external symbol "public: class cv::Mat & __thiscall cv::Mat::operator=(class cv::Mat const &)" (??4Mat@cv@@QAEAAV01@ABV01@@Z) referenced in function "public: class cv::Mat_<double> & __thiscall cv::Mat_<double>::operator=(class cv::Mat const &)" (??4?$Mat_@N@cv@@QAEAAV01@ABVMat@1@@Z)
main.obj : error LNK2019: unresolved external symbol "public: class cv::Mat __thiscall cv::Mat::clone(void)const " (?clone@Mat@cv@@QBE?AV12@XZ) referenced in function _main
main.obj : error LNK2019: unresolved external symbol "public: void __thiscall cv::Mat::copyTo(class cv::debug_build_guard::_OutputArray const &)const " (?copyTo@Mat@cv@@QBEXABV_OutputArray@debug_build_guard@2@@Z) referenced in function "public: __thiscall cv::Mat::Mat<float>(class std::vector<float,class std::allocator<float> > const &,bool)" (??$?0M@Mat@cv@@QAE@ABV?$vector@MV?$allocator@M@std@@@std@@_N@Z)
main.obj : error LNK2019: unresolved external symbol "public: void __thiscall cv::Mat::convertTo(class cv::debug_build_guard::_OutputArray const &,int,double,double)const " (?convertTo@Mat@cv@@QBEXABV_OutputArray@debug_build_guard@2@HNN@Z) referenced in function "public: class cv::Mat_<double> & __thiscall cv::Mat_<double>::operator=(class cv::Mat &&)" (??4?$Mat_@N@cv@@QAEAAV01@$$QAVMat@1@@Z)
main.obj : error LNK2019: unresolved external symbol "public: class cv::Mat __thiscall cv::Mat::reshape(int,int)const " (?reshape@Mat@cv@@QBE?AV12@HH@Z) referenced in function _main
main.obj : error LNK2019: unresolved external symbol "public: class cv::Mat __thiscall cv::Mat::reshape(int,int,int const *)const " (?reshape@Mat@cv@@QBE?AV12@HHPBH@Z) referenced in function "public: class cv::Mat_<double> & __thiscall cv::Mat_<double>::operator=(class cv::Mat &&)" (??4?$Mat_@N@cv@@QAEAAV01@$$QAVMat@1@@Z)
main.obj : error LNK2019: unresolved external symbol "public: static class cv::MatExpr __cdecl cv::Mat::zeros(int,int,int)" (?zeros@Mat@cv@@SA?AVMatExpr@2@HHH@Z) referenced in function _main
main.obj : error LNK2019: unresolved external symbol "public: static class cv::MatExpr __cdecl cv::Mat::ones(int,int,int)" (?ones@Mat@cv@@SA?AVMatExpr@2@HHH@Z) referenced in function _main
main.obj : error LNK2019: unresolved external symbol "public: static class cv::MatExpr __cdecl cv::Mat::eye(int,int,int)" (?eye@Mat@cv@@SA?AVMatExpr@2@HHH@Z) referenced in function _main
main.obj : error LNK2019: unresolved external symbol "public: void __thiscall cv::Mat::create(int,int,int)" (?create@Mat@cv@@QAEXHHH@Z) referenced in function _main
main.obj : error LNK2019: unresolved external symbol "public: void __thiscall cv::Mat::release(void)" (?release@Mat@cv@@QAEXXZ) referenced in function "public: void __thiscall cv::Mat_<double>::release(void)" (?release@?$Mat_@N@cv@@QAEXXZ)
main.obj : error LNK2019: unresolved external symbol "public: bool __thiscall cv::Mat::empty(void)const " (?empty@Mat@cv@@QBE_NXZ) referenced in function "public: class cv::MatConstIterator_<double> __thiscall cv::Mat::end<double>(void)const " (??$end@N@Mat@cv@@QBE?AV?$MatConstIterator_@N@1@XZ)
main.obj : error LNK2019: unresolved external symbol "public: unsigned int __thiscall cv::Mat::total(void)const " (?total@Mat@cv@@QBEIXZ) referenced in function "public: class cv::MatConstIterator_<double> __thiscall cv::Mat::end<double>(void)const " (??$end@N@Mat@cv@@QBE?AV?$MatConstIterator_@N@1@XZ)
main.obj : error LNK2019: unresolved external symbol "public: __thiscall cv::Mat::Mat(class cv::Mat &&)" (??0Mat@cv@@QAE@$$QAV01@@Z) referenced in function "public: __thiscall cv::MatExpr::operator class cv::Mat(void)const " (??BMatExpr@cv@@QBE?AVMat@1@XZ)
main.obj : error LNK2019: unresolved external symbol "public: class cv::Mat & __thiscall cv::Mat::operator=(class cv::Mat &&)" (??4Mat@cv@@QAEAAV01@$$QAV01@@Z) referenced in function "public: class cv::Mat_<double> & __thiscall cv::Mat_<double>::operator=(class cv::Mat &&)" (??4?$Mat_@N@cv@@QAEAAV01@$$QAVMat@1@@Z)
main.obj : error LNK2019: unresolved external symbol "public: void __thiscall cv::MatConstIterator::seek(int,bool)" (?seek@MatConstIterator@cv@@QAEXH_N@Z) referenced in function "public: class cv::MatConstIterator & __thiscall cv::MatConstIterator::operator++(void)" (??EMatConstIterator@cv@@QAEAAV01@XZ)
main.obj : error LNK2019: unresolved external symbol "public: void __thiscall cv::MatConstIterator::seek(int const *,bool)" (?seek@MatConstIterator@cv@@QAEXPBH_N@Z) referenced in function "public: __thiscall cv::MatConstIterator::MatConstIterator(class cv::Mat const *)" (??0MatConstIterator@cv@@QAE@PBVMat@1@@Z)
main.obj : error LNK2019: unresolved external symbol "void __cdecl cv::randu(class cv::debug_build_guard::_InputOutputArray const &,class cv::debug_build_guard::_InputArray const &,class cv::debug_build_guard::_InputArray const &)" (?randu@cv@@YAXABV_InputOutputArray@debug_build_guard@1@ABV_InputArray@31@1@Z) referenced in function _main
main.obj : error LNK2019: unresolved external symbol "public: static struct cv::Ptr<class cv::Formatter> __cdecl cv::Formatter::get(enum cv::Formatter::FormatType)" (?get@Formatter@cv@@SA?AU?$Ptr@VFormatter@cv@@@2@W4FormatType@12@@Z) referenced in function "class std::basic_ostream<char,struct std::char_traits<char> > & __cdecl cv::operator<<<float>(class std::basic_ostream<char,struct std::char_traits<char> > &,class std::vector<class cv::Point_<float>,class std::allocator<class cv::Point_<float> > > const &)" (??$?6M@cv@@YAAAV?$basic_ostream@DU?$char_traits@D@std@@@std@@AAV12@ABV?$vector@V?$Point_@M@cv@@V?$allocator@V?$Point_@M@cv@@@std@@@2@@Z)
E:\Coding Folder\OpenCV Folder\build\install\x64\vc16\lib\opencv_world470.lib : warning LNK4272: library machine type 'x64' conflicts with target machine type 'x86'
E:\Coding Folder\Visual Studio Folder\OpenCV Tutorials\Mat - The Basic Image Container\Ch 2.1_Mat_Matiricies_Manipulations\Mat_Container_Manipulation\Debug\Mat_Container_Manipulation.exe : fatal error LNK1120: 30 unresolved externals
